Log file open, 05/06/18 12:47:37
LogWindows: Failed to load 'aqProf.dll' (GetLastError=126)
LogWindows: File 'aqProf.dll' does not exist
LogWindows: Failed to load 'VtuneApi.dll' (GetLastError=126)
LogWindows: File 'VtuneApi.dll' does not exist
LogWindows: Failed to load 'VtuneApi32e.dll' (GetLastError=126)
LogWindows: File 'VtuneApi32e.dll' does not exist
LogInit: Display: Running engine for game: Project_Green
LogPlatformFile: Not using cached read wrapper
LogInit: Display: RandInit(-2056979629) SRandInit(-2056979629).
LogInit: Read version file with build ID '3944462'
LogInit: Overriding engine version to CL 4033788, compatible CL 3944462
LogInit: Registered custom module enumerator with build ID '3944462'
LogTaskGraph: Started task graph with 5 named threads and 23 total threads with 3 sets of task threads.
LogStats: Stats thread started at 0.256925
LogD3D11RHI: Aftermath initialized
LogICUInternationalization: Display: ICU TimeZone Detection - Raw Offset: +1:00, Platform Override: ''
LogModuleManager: Display: Found up-to-date module file ../../../Engine/Plugins/Marketplace/Substance/Binaries/Win64/UE4Editor-SubstanceCore.dll (API version 3944462).
LogModuleManager: Display: Found up-to-date module file ../../../Engine/Plugins/Marketplace/Substance/Binaries/Win64/UE4Editor-SubstanceEditor.dll (API version 3944462).
LogModuleManager: Display: Found up-to-date module file ../../../Engine/Plugins/Marketplace/Substance/Binaries/Win64/UE4Editor-SubstanceSource.dll (API version 3944462).
LogModuleManager: Display: Found up-to-date module file ../../../Engine/Plugins/Marketplace/Substance/Binaries/Win64/UE4Editor-SubstanceLiveLink.dll (API version 3944462).
LogModuleManager: Display: Found up-to-date module file ../../../Engine/Plugins/2D/Paper2D/Binaries/Win64/UE4Editor-Paper2D.dll (API version 3944462).
LogModuleManager: Display: Found up-to-date module file ../../../Engine/Plugins/2D/Paper2D/Binaries/Win64/UE4Editor-Paper2DEditor.dll (API version 3944462).
LogModuleManager: Display: Found up-to-date module file ../../../Engine/Plugins/2D/Paper2D/Binaries/Win64/UE4Editor-PaperSpriteSheetImporter.dll (API version 3944462).
LogModuleManager: Display: Found up-to-date module file ../../../Engine/Plugins/2D/Paper2D/Binaries/Win64/UE4Editor-PaperTiledImporter.dll (API version 3944462).
LogModuleManager: Display: Found up-to-date module file ../../../Engine/Plugins/2D/Paper2D/Binaries/Win64/UE4Editor-SmartSnapping.dll (API version 3944462).
LogModuleManager: Display: Found up-to-date module file ../../../Engine/Plugins/Blendables/LightPropagationVolume/Binaries/Win64/UE4Editor-LightPropagationVolumeRuntime.dll (API version 3944462).
LogModuleManager: Display: Found up-to-date module file ../../../Engine/Plugins/Blendables/LightPropagationVolume/Binaries/Win64/UE4Editor-LightPropagationVolumeEditor.dll (API version 3944462).
LogModuleManager: Display: Found up-to-date module file ../../../Engine/Plugins/Developer/CLionSourceCodeAccess/Binaries/Win64/UE4Editor-CLionSourceCodeAccess.dll (API version 3944462).
LogModuleManager: Display: Found up-to-date module file ../../../Engine/Plugins/Developer/GitSourceControl/Binaries/Win64/UE4Editor-GitSourceControl.dll (API version 3944462).
LogModuleManager: Display: Found up-to-date module file ../../../Engine/Plugins/Developer/PerforceSourceControl/Binaries/Win64/UE4Editor-PerforceSourceControl.dll (API version 3944462).
LogModuleManager: Display: Found up-to-date module file ../../../Engine/Plugins/Developer/SubversionSourceControl/Binaries/Win64/UE4Editor-SubversionSourceControl.dll (API version 3944462).
LogModuleManager: Display: Found up-to-date module file ../../../Engine/Plugins/Developer/UObjectPlugin/Binaries/Win64/UE4Editor-UObjectPlugin.dll (API version 3944462).
LogModuleManager: Display: Found up-to-date module file ../../../Engine/Plugins/Developer/VisualStudioCodeSourceCodeAccess/Binaries/Win64/UE4Editor-VisualStudioCodeSourceCodeAccess.dll (API version 3944462).
LogModuleManager: Display: Found up-to-date module file ../../../Engine/Plugins/Developer/VisualStudioSourceCodeAccess/Binaries/Win64/UE4Editor-VisualStudioSourceCodeAccess.dll (API version 3944462).
LogModuleManager: Display: Found up-to-date module file ../../../Engine/Plugins/Editor/AssetManagerEditor/Binaries/Win64/UE4Editor-AssetManagerEditor.dll (API version 3944462).
LogModuleManager: Display: Found up-to-date module file ../../../Engine/Plugins/Editor/CryptoKeys/Binaries/Win64/UE4Editor-CryptoKeys.dll (API version 3944462).
LogModuleManager: Display: Found up-to-date module file ../../../Engine/Plugins/Editor/CryptoKeys/Binaries/Win64/UE4Editor-CryptoKeysOpenSSL.dll (API version 3944462).
LogModuleManager: Display: Found up-to-date module file ../../../Engine/Plugins/Editor/DataValidation/Binaries/Win64/UE4Editor-DataValidation.dll (API version 3944462).
LogModuleManager: Display: Found up-to-date module file ../../../Engine/Plugins/Editor/FacialAnimation/Binaries/Win64/UE4Editor-FacialAnimation.dll (API version 3944462).
LogModuleManager: Display: Found up-to-date module file ../../../Engine/Plugins/Editor/FacialAnimation/Binaries/Win64/UE4Editor-FacialAnimationEditor.dll (API version 3944462).
LogModuleManager: Display: Found up-to-date module file ../../../Engine/Plugins/Editor/GameplayTagsEditor/Binaries/Win64/UE4Editor-GameplayTagsEditor.dll (API version 3944462).
LogModuleManager: Display: Found up-to-date module file ../../../Engine/Plugins/Editor/MobileLauncherProfileWizard/Binaries/Win64/UE4Editor-MobileLauncherProfileWizard.dll (API version 3944462).
LogModuleManager: Display: Found up-to-date module file ../../../Engine/Plugins/Editor/PluginBrowser/Binaries/Win64/UE4Editor-PluginBrowser.dll (API version 3944462).
LogModuleManager: Display: Found up-to-date module file ../../../Engine/Plugins/Editor/SpeedTreeImporter/Binaries/Win64/UE4Editor-SpeedTreeImporter.dll (API version 3944462).
LogModuleManager: Display: Found up-to-date module file ../../../Engine/Plugins/Enterprise/DatasmithContent/Binaries/Win64/UE4Editor-DatasmithContent.dll (API version 3944462).
LogModuleManager: Display: Found up-to-date module file ../../../Engine/Plugins/Experimental/AlembicImporter/Binaries/Win64/UE4Editor-AlembicImporter.dll (API version 3944462).
LogModuleManager: Display: Found up-to-date module file ../../../Engine/Plugins/Experimental/AlembicImporter/Binaries/Win64/UE4Editor-AlembicLibrary.dll (API version 3944462).
LogModuleManager: Display: Found up-to-date module file ../../../Engine/Plugins/Experimental/CharacterAI/Binaries/Win64/UE4Editor-CharacterAI.dll (API version 3944462).
LogModuleManager: Display: Found up-to-date module file ../../../Engine/Plugins/Experimental/HTML5Networking/Binaries/Win64/UE4Editor-HTML5Networking.dll (API version 3944462).
LogModuleManager: Display: Found up-to-date module file ../../../Engine/Plugins/Media/AndroidMedia/Binaries/Win64/UE4Editor-AndroidMediaEditor.dll (API version 3944462).
LogModuleManager: Display: Found up-to-date module file ../../../Engine/Plugins/Media/AndroidMedia/Binaries/Win64/UE4Editor-AndroidMediaFactory.dll (API version 3944462).
LogModuleManager: Display: Found up-to-date module file ../../../Engine/Plugins/Media/AvfMedia/Binaries/Win64/UE4Editor-AvfMediaEditor.dll (API version 3944462).
LogModuleManager: Display: Found up-to-date module file ../../../Engine/Plugins/Media/AvfMedia/Binaries/Win64/UE4Editor-AvfMediaFactory.dll (API version 3944462).
LogModuleManager: Display: Found up-to-date module file ../../../Engine/Plugins/Media/AvfMedia/Binaries/Win64/UE4Editor-AvfMediaFactory.dll (API version 3944462).
LogModuleManager: Display: Found up-to-date module file ../../../Engine/Plugins/Media/ImgMedia/Binaries/Win64/UE4Editor-ImgMedia.dll (API version 3944462).
LogModuleManager: Display: Found up-to-date module file ../../../Engine/Plugins/Media/ImgMedia/Binaries/Win64/UE4Editor-ImgMediaEditor.dll (API version 3944462).
LogModuleManager: Display: Found up-to-date module file ../../../Engine/Plugins/Media/ImgMedia/Binaries/Win64/UE4Editor-ImgMediaFactory.dll (API version 3944462).
LogModuleManager: Display: Found up-to-date module file ../../../Engine/Plugins/Media/ImgMedia/Binaries/Win64/UE4Editor-ImgMediaFactory.dll (API version 3944462).
LogModuleManager: Display: Found up-to-date module file ../../../Engine/Plugins/Media/ImgMedia/Binaries/Win64/UE4Editor-OpenExrWrapper.dll (API version 3944462).
LogModuleManager: Display: Found up-to-date module file ../../../Engine/Plugins/Media/LinearTimecode/Binaries/Win64/UE4Editor-LinearTimecode.dll (API version 3944462).
LogModuleManager: Display: Found up-to-date module file ../../../Engine/Plugins/Media/MediaCompositing/Binaries/Win64/UE4Editor-MediaCompositing.dll (API version 3944462).
LogModuleManager: Display: Found up-to-date module file ../../../Engine/Plugins/Media/MediaCompositing/Binaries/Win64/UE4Editor-MediaCompositingEditor.dll (API version 3944462).
LogModuleManager: Display: Found up-to-date module file ../../../Engine/Plugins/Media/MediaPlayerEditor/Binaries/Win64/UE4Editor-MediaPlayerEditor.dll (API version 3944462).
LogModuleManager: Display: Found up-to-date module file ../../../Engine/Plugins/Media/WmfMedia/Binaries/Win64/UE4Editor-WmfMedia.dll (API version 3944462).
LogModuleManager: Display: Found up-to-date module file ../../../Engine/Plugins/Media/WmfMedia/Binaries/Win64/UE4Editor-WmfMediaEditor.dll (API version 3944462).
LogModuleManager: Display: Found up-to-date module file ../../../Engine/Plugins/Media/WmfMedia/Binaries/Win64/UE4Editor-WmfMediaFactory.dll (API version 3944462).
LogModuleManager: Display: Found up-to-date module file ../../../Engine/Plugins/Media/WmfMedia/Binaries/Win64/UE4Editor-WmfMediaFactory.dll (API version 3944462).
LogModuleManager: Display: Found up-to-date module file ../../../Engine/Plugins/Messaging/TcpMessaging/Binaries/Win64/UE4Editor-TcpMessaging.dll (API version 3944462).
LogModuleManager: Display: Found up-to-date module file ../../../Engine/Plugins/Messaging/UdpMessaging/Binaries/Win64/UE4Editor-UdpMessaging.dll (API version 3944462).
LogModuleManager: Display: Found up-to-date module file ../../../Engine/Plugins/MovieScene/ActorSequence/Binaries/Win64/UE4Editor-ActorSequence.dll (API version 3944462).
LogModuleManager: Display: Found up-to-date module file ../../../Engine/Plugins/MovieScene/LevelSequenceEditor/Binaries/Win64/UE4Editor-LevelSequenceEditor.dll (API version 3944462).
LogModuleManager: Display: Found up-to-date module file ../../../Engine/Plugins/MovieScene/MatineeToLevelSequence/Binaries/Win64/UE4Editor-MatineeToLevelSequence.dll (API version 3944462).
LogModuleManager: Display: Found up-to-date module file ../../../Engine/Plugins/NetcodeUnitTest/NetcodeUnitTest/Binaries/Win64/UE4Editor-NetcodeUnitTest.dll (API version 3944462).
LogModuleManager: Display: Found up-to-date module file ../../../Engine/Plugins/NetcodeUnitTest/NUTUnrealEngine4/Binaries/Win64/UE4Editor-NUTUnrealEngine4.dll (API version 3944462).
LogModuleManager: Display: Found up-to-date module file ../../../Engine/Plugins/Online/OnlineSubsystem/Binaries/Win64/UE4Editor-OnlineSubsystem.dll (API version 3944462).
LogModuleManager: Display: Found up-to-date module file ../../../Engine/Plugins/Runtime/AndroidPermission/Binaries/Win64/UE4Editor-AndroidPermission.dll (API version 3944462).
LogModuleManager: Display: Found up-to-date module file ../../../Engine/Plugins/Online/OnlineSubsystemNull/Binaries/Win64/UE4Editor-OnlineSubsystemNull.dll (API version 3944462).
LogModuleManager: Display: Found up-to-date module file ../../../Engine/Plugins/Online/OnlineSubsystemUtils/Binaries/Win64/UE4Editor-OnlineSubsystemUtils.dll (API version 3944462).
LogModuleManager: Display: Found up-to-date module file ../../../Engine/Plugins/Online/OnlineSubsystemUtils/Binaries/Win64/UE4Editor-OnlineBlueprintSupport.dll (API version 3944462).
LogModuleManager: Display: Found up-to-date module file ../../../Engine/Plugins/Runtime/AndroidDeviceProfileSelector/Binaries/Win64/UE4Editor-AndroidDeviceProfileSelector.dll (API version 3944462).
LogModuleManager: Display: Found up-to-date module file ../../../Engine/Plugins/Runtime/AppleARKit/Binaries/Win64/UE4Editor-AppleARKit.dll (API version 3944462).
LogModuleManager: Display: Found up-to-date module file ../../../Engine/Plugins/Runtime/ProceduralMeshComponent/Binaries/Win64/UE4Editor-ProceduralMeshComponent.dll (API version 3944462).
LogModuleManager: Display: Found up-to-date module file ../../../Engine/Plugins/Runtime/ProceduralMeshComponent/Binaries/Win64/UE4Editor-ProceduralMeshComponentEditor.dll (API version 3944462).
LogModuleManager: Display: Found up-to-date module file ../../../Engine/Plugins/Animation/LiveLink/Binaries/Win64/UE4Editor-LiveLink.dll (API version 3944462).
LogModuleManager: Display: Found up-to-date module file ../../../Engine/Plugins/Animation/LiveLink/Binaries/Win64/UE4Editor-LiveLinkEditor.dll (API version 3944462).
LogModuleManager: Display: Found up-to-date module file ../../../Engine/Plugins/Runtime/ArchVisCharacter/Binaries/Win64/UE4Editor-ArchVisCharacter.dll (API version 3944462).
LogModuleManager: Display: Found up-to-date module file ../../../Engine/Plugins/Runtime/AudioCapture/Binaries/Win64/UE4Editor-AudioCapture.dll (API version 3944462).
LogModuleManager: Display: Found up-to-date module file ../../../Engine/Plugins/Runtime/AudioCapture/Binaries/Win64/UE4Editor-AudioCaptureEditor.dll (API version 3944462).
LogModuleManager: Display: Found up-to-date module file ../../../Engine/Plugins/Runtime/CableComponent/Binaries/Win64/UE4Editor-CableComponent.dll (API version 3944462).
LogModuleManager: Display: Found up-to-date module file ../../../Engine/Plugins/Runtime/CustomMeshComponent/Binaries/Win64/UE4Editor-CustomMeshComponent.dll (API version 3944462).
LogModuleManager: Display: Found up-to-date module file ../../../Engine/Plugins/Runtime/ExampleDeviceProfileSelector/Binaries/Win64/UE4Editor-ExampleDeviceProfileSelector.dll (API version 3944462).
LogModuleManager: Display: Found up-to-date module file ../../../Engine/Plugins/Runtime/ImmediatePhysics/Binaries/Win64/UE4Editor-ImmediatePhysics.dll (API version 3944462).
LogModuleManager: Display: Found up-to-date module file ../../../Engine/Plugins/Runtime/ImmediatePhysics/Binaries/Win64/UE4Editor-ImmediatePhysicsEditor.dll (API version 3944462).
LogModuleManager: Display: Found up-to-date module file ../../../Engine/Plugins/Runtime/LocationServicesBPLibrary/Binaries/Win64/UE4Editor-LocationServicesBPLibrary.dll (API version 3944462).
LogModuleManager: Display: Found up-to-date module file ../../../Engine/Plugins/Runtime/MobilePatchingUtils/Binaries/Win64/UE4Editor-MobilePatchingUtils.dll (API version 3944462).
LogModuleManager: Display: Found up-to-date module file ../../../Engine/Plugins/Runtime/Oculus/OculusVR/Binaries/Win64/UE4Editor-OculusHMD.dll (API version 3944462).
LogModuleManager: Display: Found up-to-date module file ../../../Engine/Plugins/Runtime/Oculus/OculusVR/Binaries/Win64/UE4Editor-OculusInput.dll (API version 3944462).
LogModuleManager: Display: Found up-to-date module file ../../../Engine/Plugins/Runtime/Oculus/OculusVR/Binaries/Win64/UE4Editor-OculusEditor.dll (API version 3944462).
LogModuleManager: Display: Found up-to-date module file ../../../Engine/Plugins/Runtime/PhysXVehicles/Binaries/Win64/UE4Editor-PhysXVehicles.dll (API version 3944462).
LogModuleManager: Display: Found up-to-date module file ../../../Engine/Plugins/Runtime/PhysXVehicles/Binaries/Win64/UE4Editor-PhysXVehiclesEditor.dll (API version 3944462).
LogModuleManager: Display: Found up-to-date module file ../../../Engine/Plugins/Runtime/RuntimePhysXCooking/Binaries/Win64/UE4Editor-RuntimePhysXCooking.dll (API version 3944462).
LogModuleManager: Display: Found up-to-date module file ../../../Engine/Plugins/Runtime/Steam/SteamVR/Binaries/Win64/UE4Editor-SteamVR.dll (API version 3944462).
LogModuleManager: Display: Found up-to-date module file ../../../Engine/Plugins/Runtime/Steam/SteamVR/Binaries/Win64/UE4Editor-SteamVRController.dll (API version 3944462).
LogModuleManager: Display: Found up-to-date module file ../../../Engine/Plugins/Runtime/WindowsMoviePlayer/Binaries/Win64/UE4Editor-WindowsMoviePlayer.dll (API version 3944462).
LogPluginManager: Mounting plugin Paper2D
LogPluginManager: Mounting plugin LiveLink
LogPluginManager: Mounting plugin LightPropagationVolume
LogPluginManager: Mounting plugin CLionSourceCodeAccess
LogPluginManager: Mounting plugin CodeLiteSourceCodeAccess
LogPluginManager: Mounting plugin GitSourceControl
LogPluginManager: Mounting plugin KDevelopSourceCodeAccess
LogPluginManager: Mounting plugin NullSourceCodeAccess
LogPluginManager: Mounting plugin PerforceSourceControl
LogPluginManager: Mounting plugin SubversionSourceControl
LogPluginManager: Mounting plugin UObjectPlugin
LogPluginManager: Mounting plugin VisualStudioCodeSourceCodeAccess
LogPluginManager: Mounting plugin VisualStudioSourceCodeAccess
LogPluginManager: Mounting plugin XCodeSourceCodeAccess
LogPluginManager: Mounting plugin AssetManagerEditor
LogPluginManager: Mounting plugin CryptoKeys
LogPluginManager: Mounting plugin DataValidation
LogPluginManager: Mounting plugin FacialAnimation
LogPluginManager: Mounting plugin GameplayTagsEditor
LogPluginManager: Mounting plugin MobileLauncherProfileWizard
LogPluginManager: Mounting plugin PluginBrowser
LogPluginManager: Mounting plugin SpeedTreeImporter
LogPluginManager: Mounting plugin DatasmithContent
LogPluginManager: Mounting plugin AlembicImporter
LogPluginManager: Mounting plugin CharacterAI
LogPluginManager: Mounting plugin HTML5Networking
LogPluginManager: Mounting plugin Substance
LogPluginManager: Mounting plugin AndroidMedia
LogPluginManager: Mounting plugin AvfMedia
LogPluginManager: Mounting plugin ImgMedia
LogPluginManager: Mounting plugin LinearTimecode
LogPluginManager: Mounting plugin MediaCompositing
LogPluginManager: Mounting plugin MediaPlayerEditor
LogPluginManager: Mounting plugin WmfMedia
LogPluginManager: Mounting plugin TcpMessaging
LogPluginManager: Mounting plugin UdpMessaging
LogPluginManager: Mounting plugin ActorSequence
LogPluginManager: Mounting plugin LevelSequenceEditor
LogPluginManager: Mounting plugin MatineeToLevelSequence
LogPluginManager: Mounting plugin NetcodeUnitTest
LogPluginManager: Mounting plugin NUTUnrealEngine4
LogPluginManager: Mounting plugin OnlineSubsystemGooglePlay
LogPluginManager: Mounting plugin OnlineSubsystemIOS
LogPluginManager: Mounting plugin OnlineSubsystem
LogPluginManager: Mounting plugin OnlineSubsystemNull
LogPluginManager: Mounting plugin OnlineSubsystemUtils
LogPluginManager: Mounting plugin AndroidDeviceProfileSelector
LogPluginManager: Mounting plugin AndroidMoviePlayer
LogPluginManager: Mounting plugin AndroidPermission
LogPluginManager: Mounting plugin AppleARKit
LogPluginManager: Mounting plugin AppleMoviePlayer
LogPluginManager: Mounting plugin ArchVisCharacter
LogPluginManager: Mounting plugin AudioCapture
LogPluginManager: Mounting plugin CableComponent
LogPluginManager: Mounting plugin CustomMeshComponent
LogPluginManager: Mounting plugin ExampleDeviceProfileSelector
LogPluginManager: Mounting plugin GoogleCloudMessaging
LogPluginManager: Mounting plugin ImmediatePhysics
LogPluginManager: Mounting plugin IOSDeviceProfileSelector
LogPluginManager: Mounting plugin LinuxDeviceProfileSelector
LogPluginManager: Mounting plugin LocationServicesBPLibrary
LogPluginManager: Mounting plugin MobilePatchingUtils
LogPluginManager: Mounting plugin OculusVR
LogPluginManager: Plugin shader directory ../../../Engine/Plugins/Runtime/Oculus/OculusVR/Shaders found
LogPluginManager: Mapping shader source directory ../../../Engine/Plugins/Runtime/Oculus/OculusVR/Shaders to virtual directory /Plugin/OculusVR
LogPluginManager: Mounting plugin PhysXVehicles
LogPluginManager: Mounting plugin ProceduralMeshComponent
LogPluginManager: Mounting plugin RuntimePhysXCooking
LogPluginManager: Mounting plugin SteamVR
LogPluginManager: Mounting plugin WindowsMoviePlayer
LogStreaming: Display: Took  0.918s to configure plugins.
LogInit: Using libcurl 7.47.1
LogInit:  - built for x86_64-pc-win32
LogInit:  - supports SSL with OpenSSL/1.0.2g
LogInit:  - supports HTTP deflate (compression) using libz 1.2.8
LogInit:  - other features:
LogInit:      CURL_VERSION_SSL
LogInit:      CURL_VERSION_LIBZ
LogInit:      CURL_VERSION_IPV6
LogInit:      CURL_VERSION_ASYNCHDNS
LogInit:      CURL_VERSION_LARGEFILE
LogInit:      CURL_VERSION_IDN
LogInit:  CurlRequestOptions (configurable via config and command line):
LogInit:  - bVerifyPeer = false  - Libcurl will NOT verify peer certificate
LogInit:  - bUseHttpProxy = false  - Libcurl will NOT use HTTP proxy
LogInit:  - bDontReuseConnections = false  - Libcurl will reuse connections
LogInit:  - CertBundlePath = nullptr  - Libcurl will use whatever was configured at build time.
LogInit:  - MaxHostConnections = 16  - Libcurl will limit the number of connections to a host
LogInit:  - LocalHostAddr = Default
LogInit: WinSock: version 1.1 (2.2), MaxSocks=32767, MaxUdp=65467
LogInit: WinSock: I am P?r (0.0.0.0:0)
LogInit: Build: ++UE4+Release-4.19-CL-4033788
LogInit: Engine Version: 4.19.2-4033788+++UE4+Release-4.19
LogInit: Compatible Engine Version: 4.19.0-3944462+++UE4+Release-4.19
LogInit: Net CL: 3944462
LogDevObjectVersion: Number of dev versions registered: 18
LogDevObjectVersion:   Dev-Blueprints (B0D832E4-1F89-4F0D-ACCF-7EB736FD4AA2): 10
LogDevObjectVersion:   Dev-Build (E1C64328-A22C-4D53-A36C-8E866417BD8C): 0
LogDevObjectVersion:   Dev-Core (375EC13C-06E4-48FB-B500-84F0262A717E): 2
LogDevObjectVersion:   Dev-Editor (E4B068ED-F494-42E9-A231-DA0B2E46BB41): 23
LogDevObjectVersion:   Dev-Framework (CFFC743F-43B0-4480-9391-14DF171D2073): 33
LogDevObjectVersion:   Dev-Mobile (B02B49B5-BB20-44E9-A304-32B752E40360): 2
LogDevObjectVersion:   Dev-Networking (A4E4105C-59A1-49B5-A7C5-40C4547EDFEE): 0
LogDevObjectVersion:   Dev-Online (39C831C9-5AE6-47DC-9A44-9C173E1C8E7C): 0
LogDevObjectVersion:   Dev-Physics (78F01B33-EBEA-4F98-B9B4-84EACCB95AA2): 0
LogDevObjectVersion:   Dev-Platform (6631380F-2D4D-43E0-8009-CF276956A95A): 0
LogDevObjectVersion:   Dev-Rendering (12F88B9F-8875-4AFC-A67C-D90C383ABD29): 25
LogDevObjectVersion:   Dev-Sequencer (7B5AE74C-D270-4C10-A958-57980B212A5A): 6
LogDevObjectVersion:   Dev-VR (D7296918-1DD6-4BDD-9DE2-64A83CC13884): 1
LogDevObjectVersion:   Dev-LoadTimes (C2A15278-BFE7-4AFE-6C17-90FF531DF755): 1
LogDevObjectVersion:   Private-Geometry (6EACA3D4-40EC-4CC1-B786-8BED09428FC5): 2
LogDevObjectVersion:   Dev-AnimPhys (29E575DD-E0A3-4627-9D10-D276232CDCEA): 16
LogDevObjectVersion:   Dev-ReflectionCapture (6B266CEC-1EC7-4B8F-A30B-E4D90942FC07): 1
LogDevObjectVersion:   Dev-Automation (0DF73D61-A23F-47EA-B727-89E90C41499A): 1
LogInit: Compiled (64-bit): Apr 27 2018 02:06:57
LogInit: Compiled with Visual C++: 19.00.24215.01
LogInit: Build Configuration: Development
LogInit: Branch Name: ++UE4+Release-4.19
LogInit: Command Line: -EpicPortal 
LogInit: Base Directory: E:/UE_4.19/Engine/Binaries/Win64/
LogInit: Installed Engine Build: 1
LogStreaming: Display: Took  0.000s to delete old logs.
LogInit: Presizing for max 8388607 objects, including 0 objects not considered by GC, pre-allocating 0 bytes for permanent pool.
LogInit: Object subsystem initialized
[2018.05.06-10.47.38:684][  0]LogInit: Selected Device Profile: [Windows]
[2018.05.06-10.47.38:684][  0]LogInit: Applying CVar settings loaded from the selected device profile: [Windows]
[2018.05.06-10.47.38:718][  0]LogInit: Computer: PÄR
[2018.05.06-10.47.38:718][  0]LogInit: User: Jack
[2018.05.06-10.47.38:718][  0]LogInit: CPU Page size=4096, Cores=4
[2018.05.06-10.47.38:718][  0]LogInit: High frequency timer resolution =3.513586 MHz
[2018.05.06-10.47.38:718][  0]LogMemory: Memory total: Physical=15.9GB (16GB approx)
[2018.05.06-10.47.38:718][  0]LogMemory: Platform Memory Stats for Windows
[2018.05.06-10.47.38:718][  0]LogMemory: Process Physical Memory: 274.09 MB used, 274.09 MB peak
[2018.05.06-10.47.38:718][  0]LogMemory: Process Virtual Memory: 264.79 MB used, 264.79 MB peak
[2018.05.06-10.47.38:718][  0]LogMemory: Physical Memory: 6836.34 MB used,  9490.48 MB free, 16326.82 MB total
[2018.05.06-10.47.38:718][  0]LogMemory: Virtual Memory: 697.16 MB used,  9490.48 MB free, 134217728.00 MB total
[2018.05.06-10.47.38:744][  0]LogInit: Using OS detected language (en-US).
[2018.05.06-10.47.38:744][  0]LogInit: Using OS detected locale (en-US).
[2018.05.06-10.47.38:747][  0]LogTextLocalizationManager: No specific localization for 'en-US' exists, so the 'en' localization will be used.
[2018.05.06-10.47.39:135][  0]LogStreaming: Display: Took  0.391s to EndInitTextLocalization.
[2018.05.06-10.47.39:135][  0]LogInit: Setting process to per monitor DPI aware
[2018.05.06-10.47.39:164][  0]LogSlate: New Slate User Created.  User Index 0, Is Virtual User: 0
[2018.05.06-10.47.39:164][  0]LogSlate: Slate User Registered.  User Index 0, Is Virtual User: 0
[2018.05.06-10.47.39:334][  0]LogD3D11RHI: D3D11 adapters:
[2018.05.06-10.47.39:382][  0]LogD3D11RHI:    0. 'NVIDIA GeForce GTX 750 Ti' (Feature Level 11_0)
[2018.05.06-10.47.39:382][  0]LogD3D11RHI:       2007/0/8163 MB DedicatedVideo/DedicatedSystem/SharedSystem, Outputs:2, VendorId:0x10de
[2018.05.06-10.47.39:384][  0]LogD3D11RHI:    1. 'Microsoft Basic Render Driver' (Feature Level 11_0)
[2018.05.06-10.47.39:384][  0]LogD3D11RHI:       0/0/8163 MB DedicatedVideo/DedicatedSystem/SharedSystem, Outputs:0, VendorId:0x1414
[2018.05.06-10.47.39:384][  0]LogD3D11RHI: Chosen D3D11 Adapter: 0
[2018.05.06-10.47.39:389][  0]LogD3D11RHI: Creating new Direct3DDevice
[2018.05.06-10.47.39:389][  0]LogD3D11RHI:     GPU DeviceId: 0x1380 (for the marketing name, search the web for "GPU Device Id")
[2018.05.06-10.47.39:389][  0]LogWindows: EnumDisplayDevices:
[2018.05.06-10.47.39:390][  0]LogWindows:    0. 'NVIDIA GeForce GTX 750 Ti' (P:0 D:1)
[2018.05.06-10.47.39:390][  0]LogWindows:    1. 'NVIDIA GeForce GTX 750 Ti' (P:1 D:1)
[2018.05.06-10.47.39:390][  0]LogWindows:    2. 'NVIDIA GeForce GTX 750 Ti' (P:0 D:0)
[2018.05.06-10.47.39:390][  0]LogWindows:    3. 'NVIDIA GeForce GTX 750 Ti' (P:0 D:0)
[2018.05.06-10.47.39:390][  0]LogWindows: DebugString: GetVideoDriverDetailsInvalid PrimaryIsNotTheChoosenAdapter GetVideoDriverDetailsInvalid PrimaryIsNotTheChoosenAdapter GetVideoDriverDetailsInvalid PrimaryIsNotTheChoosenAdapter GetVideoDriverDetailsInvalid PrimaryIsNotTheChoosenAdapter FoundDriverCount:0 
[2018.05.06-10.47.39:390][  0]LogD3D11RHI:     Adapter Name: NVIDIA GeForce GTX 750 Ti
[2018.05.06-10.47.39:390][  0]LogD3D11RHI:   Driver Version: Unknown (internal:Unknown, unified:Unknown)
[2018.05.06-10.47.39:390][  0]LogD3D11RHI:      Driver Date: Unknown
[2018.05.06-10.47.39:390][  0]LogRHI: Texture pool is 1405 MB (70% of 2007 MB)
[2018.05.06-10.47.39:424][  0]LogD3D11RHI: [Aftermath] Aftermath enabled and primed
[2018.05.06-10.47.39:424][  0]LogD3D11RHI: [Aftermath] Aftermath enabled and primed
[2018.05.06-10.47.39:424][  0]LogD3D11RHI: Async texture creation enabled
[2018.05.06-10.47.39:442][  0]LogD3D11RHI: GPU Timing Frequency: 1000.000000 (Debug: 2 2)
[2018.05.06-10.47.39:493][  0]LogShaderCompilers: Guid format shader working directory is -1 characters bigger than the processId version (../../../../Unreal/Project_Green/Project_Green/Intermediate/Shaders/WorkingDirectory/7440/).
[2018.05.06-10.47.39:493][  0]LogShaderCompilers: Cleaned the shader compiler working directory 'C:/Users/Jack/AppData/Local/Temp/UnrealShaderWorkingDir/8FC47AD348EE43107F7360B0203831AA/'.
[2018.05.06-10.47.39:690][  0]LogTemp: Display: Loaded TP AllDesktopTargetPlatform
[2018.05.06-10.47.39:702][  0]LogTemp: Display: Loaded TP MacClientTargetPlatform
[2018.05.06-10.47.39:715][  0]LogTemp: Display: Loaded TP MacNoEditorTargetPlatform
[2018.05.06-10.47.39:726][  0]LogTemp: Display: Loaded TP MacServerTargetPlatform
[2018.05.06-10.47.39:738][  0]LogTemp: Display: Loaded TP MacTargetPlatform
[2018.05.06-10.47.39:750][  0]LogTemp: Display: Loaded TP WindowsClientTargetPlatform
[2018.05.06-10.47.39:761][  0]LogTemp: Display: Loaded TP WindowsNoEditorTargetPlatform
[2018.05.06-10.47.39:774][  0]LogTemp: Display: Loaded TP WindowsServerTargetPlatform
[2018.05.06-10.47.39:780][  0]LogTemp: Display: Loaded TP WindowsTargetPlatform
[2018.05.06-10.47.39:791][  0]LogTemp: Display: Loaded TP Android_ASTCTargetPlatform
[2018.05.06-10.47.39:801][  0]LogTemp: Display: Loaded TP Android_ATCTargetPlatform
[2018.05.06-10.47.39:812][  0]LogTemp: Display: Loaded TP Android_DXTTargetPlatform
[2018.05.06-10.47.39:823][  0]LogTemp: Display: Loaded TP Android_ETC1aTargetPlatform
[2018.05.06-10.47.39:833][  0]LogTemp: Display: Loaded TP Android_ETC1TargetPlatform
[2018.05.06-10.47.39:844][  0]LogTemp: Display: Loaded TP Android_ETC2TargetPlatform
[2018.05.06-10.47.39:865][  0]LogTemp: Display: Loaded TP Android_MultiTargetPlatform
[2018.05.06-10.47.39:865][  0]LogTemp: Display: Loaded TP Android_PVRTCTargetPlatform
[2018.05.06-10.47.39:875][  0]LogTemp: Display: Loaded TP AndroidTargetPlatform
[2018.05.06-10.47.39:877][  0]LogTemp: Display: Loaded TP HTML5TargetPlatform
[2018.05.06-10.47.39:913][  0]LogTemp: Display: Loaded TP IOSTargetPlatform
[2018.05.06-10.47.39:927][  0]LogTemp: Display: Loaded TP TVOSTargetPlatform
[2018.05.06-10.47.39:938][  0]LogTemp: Display: Loaded TP LinuxClientTargetPlatform
[2018.05.06-10.47.39:952][  0]LogTemp: Display: Loaded TP LinuxNoEditorTargetPlatform
[2018.05.06-10.47.39:965][  0]LogTemp: Display: Loaded TP LinuxServerTargetPlatform
[2018.05.06-10.47.39:978][  0]LogTemp: Display: Loaded TP LinuxTargetPlatform
[2018.05.06-10.47.39:978][  0]LogTargetPlatformManager: Display: Building Assets For Windows
[2018.05.06-10.47.40:066][  0]LogXGEController: Cannot use XGE Controller as Incredibuild is not installed on this machine.
[2018.05.06-10.47.40:066][  0]LogShaderCompilers: Cannot use XGE Shader Compiler as Incredibuild is not installed on this machine.
[2018.05.06-10.47.40:066][  0]LogShaderCompilers: Display: Using Local Shader Compiler.
[2018.05.06-10.47.40:693][  0]LogDerivedDataCache: Display: Max Cache Size: 512 MB
[2018.05.06-10.47.40:758][  0]LogDerivedDataCache: Loaded boot cache 0.07s 74MB C:/Users/Jack/AppData/Local/UnrealEngine/4.19/DerivedDataCache/Boot.ddc.
[2018.05.06-10.47.40:758][  0]LogDerivedDataCache: Display: Loaded Boot cache: C:/Users/Jack/AppData/Local/UnrealEngine/4.19/DerivedDataCache/Boot.ddc
[2018.05.06-10.47.40:758][  0]LogDerivedDataCache: FDerivedDataBackendGraph:  Pak pak cache file ../../../../Unreal/Project_Green/Project_Green/DerivedDataCache/DDC.ddp not found, will not use a pak cache.
[2018.05.06-10.47.40:758][  0]LogDerivedDataCache: Unable to find inner node Pak for hierarchical cache Hierarchy.
[2018.05.06-10.47.40:758][  0]LogDerivedDataCache: FDerivedDataBackendGraph:  CompressedPak pak cache file ../../../../Unreal/Project_Green/Project_Green/DerivedDataCache/Compressed.ddp not found, will not use a pak cache.
[2018.05.06-10.47.40:758][  0]LogDerivedDataCache: Unable to find inner node CompressedPak for hierarchical cache Hierarchy.
[2018.05.06-10.47.40:774][  0]LogDerivedDataCache: Display: Pak cache opened for reading ../../../Engine/DerivedDataCache/Compressed.ddp.
[2018.05.06-10.47.40:785][  0]LogDerivedDataCache: Using Local data cache path C:/Users/Jack/AppData/Local/UnrealEngine/Common/DerivedDataCache: Writable
[2018.05.06-10.47.40:785][  0]LogDerivedDataCache: Shared data cache path not found in *engine.ini, will not use an Shared cache.
[2018.05.06-10.47.40:785][  0]LogDerivedDataCache: Unable to find inner node Shared for hierarchical cache Hierarchy.
[2018.05.06-10.47.40:795][  0]LogMaterial: Verifying Global Shaders for PCD3D_SM5
[2018.05.06-10.47.40:796][  0]LogSlate: Using Freetype 2.6.0
[2018.05.06-10.47.40:796][  0]LogSlate: SlateFontCache - WITH_FREETYPE: 1, WITH_HARFBUZZ: 1
[2018.05.06-10.47.40:796][  0]LogSlate: SlateFontCache - WITH_FREETYPE: 1, WITH_HARFBUZZ: 1
[2018.05.06-10.47.40:898][  0]LogAssetRegistry: FAssetRegistry took 0.0251 seconds to start up
[2018.05.06-10.47.41:171][  0]LogInit: Selected Device Profile: [Windows]
[2018.05.06-10.47.41:295][  0]LogSimplygon: Simplygon DLL not present - disabling.
[2018.05.06-10.47.41:297][  0]LogMeshReduction: Using SimplygonSwarm for distributed automatic mesh merging
[2018.05.06-10.47.41:297][  0]LogMeshReduction: Using QuadricMeshReduction for automatic static mesh reduction
[2018.05.06-10.47.41:297][  0]LogMeshReduction: No automatic skeletal mesh reduction module available
[2018.05.06-10.47.41:297][  0]LogMeshReduction: No automatic mesh merging module available
[2018.05.06-10.47.41:297][  0]LogMeshMerging: No automatic mesh merging module available
[2018.05.06-10.47.41:326][  0]LogNetVersion: Project_Green , NetCL: 3944462, EngineNetVer: 2, GameNetVer: 0 (Checksum: 919537569)
[2018.05.06-10.47.41:705][  0]LogPackageLocalizationCache: Processed 9 localized package path(s) for 2 prioritized culture(s) in 0.063961 seconds
[2018.05.06-10.47.41:712][  0]LogUObjectArray: 36728 objects as part of root set at end of initial load.
[2018.05.06-10.47.41:712][  0]LogUObjectAllocator: 7314312 out of 0 bytes used by permanent object pool.
[2018.05.06-10.47.41:712][  0]LogUObjectArray: CloseDisregardForGC: 0/0 objects in disregard for GC pool
[2018.05.06-10.47.43:111][  0]LogSubstanceCoreModule: Substance [CPU] Engine Loaded, Max Texture Size = 2048
[2018.05.06-10.47.43:125][  0]LogTcpMessaging: Initializing TcpMessaging bridge
[2018.05.06-10.47.43:149][  0]LogUdpMessaging: Initializing bridge on interface 0.0.0.0:0 to multicast group 230.0.0.1:6666.
[2018.05.06-10.47.43:462][  0]SourceControl: Source control is disabled
[2018.05.06-10.47.43:462][  0]SourceControl: Source control is disabled
[2018.05.06-10.47.43:474][  0]SourceControl: Source control is disabled
[2018.05.06-10.47.43:485][  0]SourceControl: Source control is disabled
[2018.05.06-10.47.43:867][  0]LogAndroidPermission: UAndroidPermissionCallbackProxy::GetInstance
[2018.05.06-10.47.43:991][  0]LogOcInput: OculusInput pre-init called
[2018.05.06-10.47.44:180][  0]LogEngine: Initializing Engine...
[2018.05.06-10.47.44:181][  0]LogHMD: Failed to initialize OpenVR with code 110
[2018.05.06-10.47.44:182][  0]LogStats: UGameplayTagsManager::ConstructGameplayTagTree: Construct from data asset -  0.000 s
[2018.05.06-10.47.44:182][  0]LogStats: UGameplayTagsManager::ConstructGameplayTagTree: GameplayTagTreeChangedEvent.Broadcast -  0.000 s
[2018.05.06-10.47.44:374][  0]LogAIModule: Creating AISystem for world Untitled
[2018.05.06-10.47.44:395][  0]LogInit: XAudio2 using 'Högtalare (Realtek High Definition Audio)' : 2 channels at 48 kHz using 32 bits per sample (channel mask 0x3)
[2018.05.06-10.47.44:408][  0]LogInit: FAudioDevice initialized.
[2018.05.06-10.47.44:490][  0]LogDerivedDataCache: Saved boot cache 0.08s 74MB C:/Users/Jack/AppData/Local/UnrealEngine/4.19/DerivedDataCache/Boot.ddc.
[2018.05.06-10.47.44:501][  0]LogInit: Texture streaming: Enabled
[2018.05.06-10.47.44:516][  0]LogEngineSessionManager: EngineSessionManager initialized
[2018.05.06-10.47.44:527][  0]LogInit: Transaction tracking system initialized
[2018.05.06-10.47.44:545][  0]BlueprintLog: New page: Editor Load
[2018.05.06-10.47.44:604][  0]LocalizationService: Localization service is disabled
[2018.05.06-10.47.44:685][  0]LogConsoleResponse: Display: 
[2018.05.06-10.47.44:811][  0]LogCook: Display: Max memory allowance for cook 16384mb min free memory 0mb
[2018.05.06-10.47.44:811][  0]LogFileCache: Scanning file cache for directory 'E:/Unreal/Project_Green/Project_Green/Content/' took 0.01s
[2018.05.06-10.47.44:811][  0]LogCook: Display: Mobile HDR setting 1
[2018.05.06-10.47.44:811][  0]LogGameplayTags: Display: UGameplayTagsManager::DoneAddingNativeTags. DelegateIsBound: 0
[2018.05.06-10.47.44:811][  0]LogStats: UGameplayTagsManager::ConstructGameplayTagTree: Construct from data asset -  0.000 s
[2018.05.06-10.47.44:811][  0]LogStats: UGameplayTagsManager::ConstructGameplayTagTree: GameplayTagTreeChangedEvent.Broadcast -  0.000 s
[2018.05.06-10.47.45:077][  0]SourceControl: Source control is disabled
[2018.05.06-10.47.45:077][  0]Cmd: MAP LOAD FILE="../../../Engine/Content/Maps/Templates/Template_Default.umap" TEMPLATE=1 SHOWPROGRESS=1 FEATURELEVEL=3
[2018.05.06-10.47.45:077][  0]LightingResults: New page: Lighting Build
[2018.05.06-10.47.45:080][  0]MapCheck: New page: Map Check
[2018.05.06-10.47.45:080][  0]LightingResults: New page: Lighting Build
[2018.05.06-10.47.45:248][  0]LogAIModule: Creating AISystem for world Untitled_1
[2018.05.06-10.47.45:255][  0]LogEditorServer: Finished looking for orphan Actors (0.000 secs)
[2018.05.06-10.47.45:264][  0]Cmd: MAP CHECKDEP NOCLEARLOG
[2018.05.06-10.47.45:297][  0]MapCheck: Map check complete: 0 Error(s), 0 Warning(s), took 32.093ms to complete.
[2018.05.06-10.47.45:297][  0]LogFileHelpers: Loading map 'Template_Default' took 0.220
[2018.05.06-10.47.45:358][  0]LogWindowsTextInputMethodSystem: Display: IME system now deactivated.
[2018.05.06-10.47.45:358][  0]LogWindowsTextInputMethodSystem: Display: IME system now deactivated.
[2018.05.06-10.47.45:420][  0]LogCollectionManager: Loaded 0 collections in 0.001183 seconds
[2018.05.06-10.47.45:461][  0]LogFileCache: Scanning file cache for directory 'E:/Unreal/Project_Green/Project_Green/Saved/Collections/' took 0.01s
[2018.05.06-10.47.45:461][  0]LogFileCache: Scanning file cache for directory 'E:/Unreal/Project_Green/Project_Green/Content/Developers/Jack/Collections/' took 0.01s
[2018.05.06-10.47.45:461][  0]LogFileCache: Scanning file cache for directory 'E:/Unreal/Project_Green/Project_Green/Content/Collections/' took 0.01s
[2018.05.06-10.47.45:461][  0]LogCollectionManager: Rebuilt the GUID cache for 0 collections in 0.000000 seconds
[2018.05.06-10.47.45:481][  0]LogContentBrowser: Native class hierarchy populated in 0.0199 seconds. Added 2466 classes and 564 folders.
[2018.05.06-10.47.45:493][  0]LogContentBrowser: Native class hierarchy updated for 'WidgetCarousel' in 0.0002 seconds. Added 0 classes and 0 folders.
[2018.05.06-10.47.45:527][  0]LogContentBrowser: Native class hierarchy updated for 'AddContentDialog' in 0.0002 seconds. Added 0 classes and 0 folders.
[2018.05.06-10.47.45:532][  0]LogContentBrowser: Native class hierarchy updated for 'SceneOutliner' in 0.0002 seconds. Added 1 classes and 2 folders.
[2018.05.06-10.47.45:551][  0]LogContentBrowser: Native class hierarchy updated for 'WorldBrowser' in 0.0002 seconds. Added 2 classes and 3 folders.
[2018.05.06-10.47.45:566][  0]LogDirectoryWatcher: Warning: Failed to begin reading directory changes for ../../../../Unreal/Project_Green/Project_Green/Plugins/. Error: The system cannot find the file specified. (0x00000002)
[2018.05.06-10.47.45:578][  0]LogSlate: Took 0.000218 seconds to synchronously load lazily loaded font '../../../Engine/Content/Slate/Fonts/Roboto-Regular.ttf' (155K)
[2018.05.06-10.47.45:583][  0]LogSlate: Took 0.000313 seconds to synchronously load lazily loaded font '../../../Engine/Content/Slate/Fonts/Roboto-Bold.ttf' (160K)
[2018.05.06-10.47.45:588][  0]LogSlate: Took 0.000168 seconds to synchronously load lazily loaded font '../../../Engine/Content/Editor/Slate/Fonts/FontAwesome.ttf' (139K)
[2018.05.06-10.47.45:684][  0]LogRenderer: Reallocating scene render targets to support 1212x608 Format 9 NumSamples 1 (Frame:1).
[2018.05.06-10.47.45:811][  0]LogContentBrowser: Native class hierarchy updated for 'HierarchicalLODOutliner' in 0.0002 seconds. Added 0 classes and 0 folders.
[2018.05.06-10.47.45:811][  0]LogLoad: (Engine Initialization) Total time: 9.19 seconds
[2018.05.06-10.47.45:811][  0]LogLoad: (Engine Initialization) Total Blueprint compile time: 0.00 seconds
[2018.05.06-10.47.45:845][  0]LogContentStreaming: Texture pool size now 800 MB
[2018.05.06-10.47.45:877][  1]LogSubstanceLiveLink: Warning: Unable to send data along socket, closing connection
[2018.05.06-10.47.45:890][  1]LogAssetRegistry: Asset discovery search completed in 5.0141 seconds
[2018.05.06-10.47.45:892][  1]LogCollectionManager: Rebuilt the object cache for 0 collections in 0.000000 seconds (found 0 objects)
[2018.05.06-10.47.45:892][  1]LogCollectionManager: Fixed up redirectors for 0 collections in 0.000039 seconds (updated 0 objects)
[2018.05.06-10.47.49:810][459]LogSlate: FSceneViewport::OnFocusLost() reason 0
[2018.05.06-10.47.49:879][467]LogSlate: Took 0.000128 seconds to synchronously load lazily loaded font '../../../Engine/Content/Slate/Fonts/Roboto-Light.ttf' (167K)
[2018.05.06-10.47.49:911][471]LogSlate: Window 'Plugins' being destroyed
[2018.05.06-10.47.49:914][471]LogSlate: Window 'Plugins' being destroyed
[2018.05.06-10.47.49:914][471]LogDirectoryWatcher: A directory notification for '../../../Engine/Plugins/' was aborted.
[2018.05.06-10.47.53:925][950]LogSlate: FSceneViewport::OnFocusLost() reason 0
[2018.05.06-10.47.54:002][958]LogAIModule: Creating AISystem for world Base
[2018.05.06-10.47.56:760][287]LogSlate: Took 0.000169 seconds to synchronously load lazily loaded font '../../../Engine/Content/Slate/Fonts/Roboto-Light.ttf' (167K)
[2018.05.06-10.47.58:451][484]LogAIModule: Creating AISystem for world Jack
[2018.05.06-10.48.00:322][702]LogAIModule: Creating AISystem for world Johan
[2018.05.06-10.48.15:527][494]LogSlate: FSceneViewport::OnFocusLost() reason 0
[2018.05.06-10.48.21:381][164]LogSlate: FSceneViewport::OnFocusLost() reason 0
[2018.05.06-10.48.23:846][454]LogActorFactory: Actor Factory created Cone
[2018.05.06-10.48.25:711][675]LogActorFactory: Actor Factory created Cone
[2018.05.06-10.48.32:181][358]LogEditorViewport: Clicking on Actor (LMB): PlayerStart (Player Start)
[2018.05.06-10.48.32:181][358]LogEditorSelectUtils: Warning: SelectActor: The requested operation could not be completed because the level is locked. (Player Start)
[2018.05.06-10.48.32:903][419]LogEditorViewport: Clicking on Actor (LMB): PlayerStart (Player Start)
[2018.05.06-10.48.32:903][419]LogEditorSelectUtils: Warning: SelectActor: The requested operation could not be completed because the level is locked. (Player Start)
[2018.05.06-10.48.36:251][815]LogEditorViewport: Clicking on Actor (LMB): StaticMeshActor (Cone)
[2018.05.06-10.48.53:420][741]LogSlate: FSceneViewport::OnFocusLost() reason 0
[2018.05.06-10.48.55:495][827]LogSlate: Window 'Save Content' being destroyed
[2018.05.06-10.48.55:550][827]Cmd: OBJ SAVEPACKAGE PACKAGE="/Game/Jack" FILE="../../../../Unreal/Project_Green/Project_Green/Content/Jack.umap" SILENT=true AUTOSAVING=false KEEPDIRTY=false
[2018.05.06-10.48.55:569][827]LogSavePackage: Save=7.57ms
[2018.05.06-10.48.55:570][827]LogSavePackage: Moving '../../../../Unreal/Project_Green/Project_Green/Saved/JackB64F6258478F53B8B3A9A88A39F25459.tmp' to '../../../../Unreal/Project_Green/Project_Green/Content/Jack.umap'
[2018.05.06-10.48.55:572][827]LogSavePackage: Display: Finished SavePackage ../../../../Unreal/Project_Green/Project_Green/Content/Jack.umap
[2018.05.06-10.48.55:573][827]LogFileHelpers: Saving map 'Jack' took 0.058
[2018.05.06-10.48.58:644][827]LogSlate: Window 'Save Level As' being destroyed
[2018.05.06-10.48.58:685][827]Cmd: OBJ SAVEPACKAGE PACKAGE="/Game/Untitled" FILE="../../../../Unreal/Project_Green/Project_Green/Content/Untitled.umap" SILENT=true AUTOSAVING=false KEEPDIRTY=false
[2018.05.06-10.48.58:716][827]LogSavePackage: Save=21.90ms
[2018.05.06-10.48.58:717][827]LogSavePackage: Moving '../../../../Unreal/Project_Green/Project_Green/Saved/Untitled4B950164464F520AD92801AF7C8D5F4E.tmp' to '../../../../Unreal/Project_Green/Project_Green/Content/Untitled.umap'
[2018.05.06-10.48.58:719][827]LogSavePackage: Display: Finished SavePackage ../../../../Unreal/Project_Green/Project_Green/Content/Untitled.umap
[2018.05.06-10.48.58:736][827]LogFileHelpers: Saving map 'Untitled' took 0.086
[2018.05.06-10.49.37:195][389]LogSlate: Window 'Source Control Login' being destroyed
[2018.05.06-10.49.43:440][119]SourceControl: fatal: E:/UE_4.19/Engine/Content: 'E:/UE_4.19/Engine/Content' is outside repository
[2018.05.06-10.49.43:507][119]LogPackageName: Error: Illegal call to DoesPackageExist: '../../../../Unreal/Project_Green/Project_Green/Project_Green.uproject' is not a standard unreal filename or a long path name. Reason: Path should be no less than 4 characters long.
[2018.05.06-10.49.44:003][119]LogStats: FPlatformStackWalk::StackWalkAndDump -  0.496 s
[2018.05.06-10.49.44:003][119]LogOutputDevice: Error: === Handled ensure: ===
[2018.05.06-10.49.44:003][119]LogOutputDevice: Error: 
[2018.05.06-10.49.44:003][119]LogOutputDevice: Error: Ensure condition failed: false [File:D:\Build\++UE4+Release-4.19+Compile\Sync\Engine\Source\Runtime\CoreUObject\Private\Misc\PackageName.cpp] [Line: 818]
[2018.05.06-10.49.44:003][119]LogOutputDevice: Error: Illegal call to DoesPackageExist: '../../../../Unreal/Project_Green/Project_Green/Project_Green.uproject' is not a standard unreal filename or a long path name. Reason: Path should be no less than 4 characters long.
[2018.05.06-10.49.44:004][119]LogOutputDevice: Error: Stack: 
[2018.05.06-10.49.44:004][119]LogOutputDevice: Error: [Callstack] 0x00000000D7E4B706 UE4Editor-Core.dll!UnknownFunction []
[2018.05.06-10.49.44:004][119]LogOutputDevice: Error: [Callstack] 0x00000000D7BAAE3A UE4Editor-Core.dll!UnknownFunction []
[2018.05.06-10.49.44:004][119]LogOutputDevice: Error: [Callstack] 0x00000000D7BBECD6 UE4Editor-Core.dll!UnknownFunction []
[2018.05.06-10.49.44:004][119]LogOutputDevice: Error: [Callstack] 0x00000000D904DD3B UE4Editor-CoreUObject.dll!UnknownFunction []
[2018.05.06-10.49.44:004][119]LogOutputDevice: Error: [Callstack] 0x00000000DD576A12 UE4Editor-SourceControl.dll!UnknownFunction []
[2018.05.06-10.49.44:004][119]LogOutputDevice: Error: [Callstack] 0x00000000DD576BA7 UE4Editor-SourceControl.dll!UnknownFunction []
[2018.05.06-10.49.44:004][119]LogOutputDevice: Error: [Callstack] 0x00000000B87150CE UE4Editor-SourceControlWindows.dll!UnknownFunction []
[2018.05.06-10.49.44:004][119]LogOutputDevice: Error: [Callstack] 0x00000000B86D4805 UE4Editor-SourceControlWindows.dll!UnknownFunction []
[2018.05.06-10.49.44:004][119]LogOutputDevice: Error: [Callstack] 0x00000000B86D3DDD UE4Editor-SourceControlWindows.dll!UnknownFunction []
[2018.05.06-10.49.44:004][119]LogOutputDevice: Error: [Callstack] 0x00000000B86E90B4 UE4Editor-SourceControlWindows.dll!UnknownFunction []
[2018.05.06-10.49.44:004][119]LogOutputDevice: Error: [Callstack] 0x00000000AF464669 UE4Editor-GitSourceControl.dll!UnknownFunction []
[2018.05.06-10.49.44:004][119]LogOutputDevice: Error: [Callstack] 0x00000000DD57B9BC UE4Editor-SourceControl.dll!UnknownFunction []
[2018.05.06-10.49.44:004][119]LogOutputDevice: Error: [Callstack] 0x00000000BC3FDF0A UE4Editor-UnrealEd.dll!UnknownFunction []
[2018.05.06-10.49.44:004][119]LogOutputDevice: Error: [Callstack] 0x00000000BCC99626 UE4Editor-UnrealEd.dll!UnknownFunction []
[2018.05.06-10.49.44:004][119]LogOutputDevice: Error: [Callstack] 0x0000000039445EAC UE4Editor.exe!UnknownFunction []
[2018.05.06-10.49.44:004][119]LogOutputDevice: Error: [Callstack] 0x0000000039456BD0 UE4Editor.exe!UnknownFunction []
[2018.05.06-10.49.44:004][119]LogOutputDevice: Error: [Callstack] 0x0000000039456C4A UE4Editor.exe!UnknownFunction []
[2018.05.06-10.49.44:005][119]LogOutputDevice: Error: [Callstack] 0x0000000039464177 UE4Editor.exe!UnknownFunction []
[2018.05.06-10.49.44:005][119]LogOutputDevice: Error: [Callstack] 0x0000000039465B87 UE4Editor.exe!UnknownFunction []
[2018.05.06-10.49.44:005][119]LogOutputDevice: Error: [Callstack] 0x0000000008071FE4 KERNEL32.DLL!UnknownFunction []
[2018.05.06-10.49.44:005][119]LogOutputDevice: Error: [Callstack] 0x000000000A4BF061 ntdll.dll!UnknownFunction []
[2018.05.06-10.49.44:005][119]LogOutputDevice: Error: 
[2018.05.06-10.49.44:015][119]LogStats:                SubmitErrorReport -  0.000 s
[2018.05.06-10.49.44:415][119]LogStats:                    SendNewReport -  0.400 s
[2018.05.06-10.49.44:415][119]LogStats:             FDebug::EnsureFailed -  0.908 s
[2018.05.06-10.49.51:188][119]LogSlate: Window 'Submit Files' being destroyed
[2018.05.06-10.49.52:226][119]LogSourceControl: commit successful: [master 0a0b3fa] poop
[2018.05.06-10.49.52:322][119]SourceControl: [master 0a0b3fa] poop
[2018.05.06-10.49.52:322][119]SourceControl:  4 files changed, 11 insertions(+), 1 deletion(-)
[2018.05.06-10.49.52:322][119]SourceControl:  rewrite Project_Green/Content/Jack.umap (100%)
[2018.05.06-10.49.52:322][119]SourceControl:  create mode 100644 Project_Green/Content/Untitled.umap
[2018.05.06-10.49.52:329][119]SourceControl: Commited [master 0a0b3fa] poop.
